#
# There is insufficient memory for the Java Runtime Environment to continue.
# Native memory allocation (malloc) failed to allocate 32744 bytes for ChunkPool::allocate
# Possible reasons:
#   The system is out of physical RAM or swap space
#   The process is running with CompressedOops enabled, and the Java Heap may be blocking the growth of the native heap
# Possible solutions:
#   Reduce memory load on the system
#   Increase physical memory or swap space
#   Check if swap backing store is full
#   Decrease Java heap size (-Xmx/-Xms)
#   Decrease number of Java threads
#   Decrease Java thread stack sizes (-Xss)
#   Set larger code cache with -XX:ReservedCodeCacheSize=
#   JVM is running with Unscaled Compressed Oops mode in which the Java heap is
#     placed in the first 4GB address space. The Java Heap base address is the
#     maximum limit for the native heap growth. Please use -XX:HeapBaseMinAddress
#     to set the Java Heap base and to place the Java Heap above 4GB virtual address.
# This output file may be truncated or incomplete.
#
#  Out of Memory Error (allocation.cpp:272), pid=18192, tid=0x00000000000046e8
#
# JRE version: OpenJDK Runtime Environment (8.0_302-b08) (build 1.8.0_302-b08)
# Java VM: OpenJDK 64-Bit Server VM (25.302-b08 mixed mode windows-amd64 compressed oops)
# Failed to write core dump. Minidumps are not enabled by default on client versions of Windows
#

---------------  T H R E A D  ---------------

Current thread (0x00000171195a2000):  JavaThread "Daemon worker" [_thread_in_vm, id=18152, stack(0x0000006b68a00000,0x0000006b68b00000)]

Stack: [0x0000006b68a00000,0x0000006b68b00000]
[error occurred during error reporting (printing stack bounds), id 0xc0000005]

Native frames: (J=compiled Java code, j=interpreted, Vv=VM code, C=native code)

Java frames: (J=compiled Java code, j=interpreted, Vv=VM code)
J 560  java.lang.Throwable.fillInStackTrace(I)Ljava/lang/Throwable; (0 bytes) @ 0x0000017105acf93b [0x0000017105acf900+0x3b]
J 588 C1 java.lang.Throwable.<init>(Ljava/lang/String;Ljava/lang/Throwable;)V (39 bytes) @ 0x0000017105ade4a4 [0x0000017105ade160+0x344]
J 565 C1 java.lang.ReflectiveOperationException.<init>(Ljava/lang/String;Ljava/lang/Throwable;)V (7 bytes) @ 0x0000017105ad1484 [0x0000017105ad13c0+0xc4]
J 1557 C2 java.net.URLClassLoader.findClass(Ljava/lang/String;)Ljava/lang/Class; (47 bytes) @ 0x0000017105dc58ec [0x0000017105dc57e0+0x10c]
J 1520 C2 java.lang.ClassLoader.loadClass(Ljava/lang/String;Z)Ljava/lang/Class; (122 bytes) @ 0x0000017105db9460 [0x0000017105db8440+0x1020]
J 1520 C2 java.lang.ClassLoader.loadClass(Ljava/lang/String;Z)Ljava/lang/Class; (122 bytes) @ 0x0000017105db9074 [0x0000017105db8440+0xc34]
J 498 C1 java.lang.ClassLoader.loadClass(Ljava/lang/String;)Ljava/lang/Class; (7 bytes) @ 0x0000017105a9c9cc [0x0000017105a9c8c0+0x10c]
v  ~StubRoutines::call_stub
j  org.gradle.internal.operations.notify.BuildOperationNotificationBridge.<init>(Lorg/gradle/internal/operations/BuildOperationListenerManager;Lorg/gradle/internal/event/ListenerManager;)V+5
j  org.gradle.internal.session.CrossBuildSessionState$Services.createBuildOperationNotificationBridge(Lorg/gradle/internal/operations/BuildOperationListenerManager;Lorg/gradle/internal/event/ListenerManager;)Lorg/gradle/internal/operations/notify/BuildOperationNotificationBridge;+6
v  ~StubRoutines::call_stub
j  sun.reflect.NativeMethodAccessorImpl.invoke0(Ljava/lang/reflect/Method;Ljava/lang/Object;[Ljava/lang/Object;)Ljava/lang/Object;+0
j  sun.reflect.NativeMethodAccessorImpl.invoke(Ljava/lang/Object;[Ljava/lang/Object;)Ljava/lang/Object;+100
J 1267 C1 sun.reflect.DelegatingMethodAccessorImpl.invoke(Ljava/lang/Object;[Ljava/lang/Object;)Ljava/lang/Object; (10 bytes) @ 0x0000017105d22084 [0x0000017105d21f80+0x104]
J 1266 C1 java.lang.reflect.Method.invoke(Ljava/lang/Object;[Ljava/lang/Object;)Ljava/lang/Object; (62 bytes) @ 0x0000017105d2282c [0x0000017105d22440+0x3ec]
j  org.gradle.internal.reflect.JavaMethod.invoke(Ljava/lang/Object;[Ljava/lang/Object;)Ljava/lang/Object;+6
j  org.gradle.internal.service.ReflectionBasedServiceMethod.invoke(Ljava/lang/Object;[Ljava/lang/Object;)Ljava/lang/Object;+6
j  org.gradle.internal.service.DefaultServiceRegistry$FactoryMethodService.invokeMethod([Ljava/lang/Object;)Ljava/lang/Object;+9
j  org.gradle.internal.service.DefaultServiceRegistry$FactoryService.create()Ljava/lang/Object;+7
J 1547 C1 org.gradle.internal.service.DefaultServiceRegistry$ManagedObjectServiceProvider.getInstance()Ljava/lang/Object; (81 bytes) @ 0x0000017105db58cc [0x0000017105db5680+0x24c]
J 1546 C1 org.gradle.internal.service.DefaultServiceRegistry$SingletonService.get()Ljava/lang/Object; (5 bytes) @ 0x0000017105db5e34 [0x0000017105db5d40+0xf4]
j  org.gradle.internal.service.DefaultServiceRegistry$FactoryService.assembleParameters()[Ljava/lang/Object;+44
j  org.gradle.internal.service.DefaultServiceRegistry$FactoryService.create()Ljava/lang/Object;+1
J 1547 C1 org.gradle.internal.service.DefaultServiceRegistry$ManagedObjectServiceProvider.getInstance()Ljava/lang/Object; (81 bytes) @ 0x0000017105db58cc [0x0000017105db5680+0x24c]
J 1546 C1 org.gradle.internal.service.DefaultServiceRegistry$SingletonService.get()Ljava/lang/Object; (5 bytes) @ 0x0000017105db5e34 [0x0000017105db5d40+0xf4]
j  org.gradle.internal.service.DefaultServiceRegistry$FactoryService.assembleParameters()[Ljava/lang/Object;+44
j  org.gradle.internal.service.DefaultServiceRegistry$FactoryService.create()Ljava/lang/Object;+1
J 1547 C1 org.gradle.internal.service.DefaultServiceRegistry$ManagedObjectServiceProvider.getInstance()Ljava/lang/Object; (81 bytes) @ 0x0000017105db58cc [0x0000017105db5680+0x24c]
J 1546 C1 org.gradle.internal.service.DefaultServiceRegistry$SingletonService.get()Ljava/lang/Object; (5 bytes) @ 0x0000017105db5e34 [0x0000017105db5d40+0xf4]
j  org.gradle.internal.service.DefaultServiceRegistry.find(Ljava/lang/reflect/Type;)Ljava/lang/Object;+22
j  org.gradle.internal.service.DefaultServiceRegistry.get(Ljava/lang/reflect/Type;)Ljava/lang/Object;+2
j  org.gradle.internal.service.DefaultServiceRegistry.get(Ljava/lang/Class;)Ljava/lang/Object;+3
j  org.gradle.launcher.exec.BuildTreeScopeLifecycleBuildActionExecuter.lambda$execute$0(Lorg/gradle/internal/invocation/BuildAction;Lorg/gradle/launcher/exec/BuildActionParameters;Lorg/gradle/internal/buildtree/BuildTreeContext;)Lorg/gradle/launcher/exec/BuildActionResult;+8
j  org.gradle.launcher.exec.BuildTreeScopeLifecycleBuildActionExecuter$$Lambda$24.apply(Ljava/lang/Object;)Ljava/lang/Object;+12
j  org.gradle.internal.buildtree.BuildTreeState.run(Ljava/util/function/Function;)Ljava/lang/Object;+7
j  org.gradle.launcher.exec.BuildTreeScopeLifecycleBuildActionExecuter.execute(Lorg/gradle/internal/invocation/BuildAction;Lorg/gradle/launcher/exec/BuildActionParameters;Lorg/gradle/internal/session/BuildSessionContext;)Lorg/gradle/launcher/exec/BuildActionResult;+46
j  org.gradle.launcher.exec.BuildTreeScopeLifecycleBuildActionExecuter.execute(Lorg/gradle/internal/invocation/BuildAction;Ljava/lang/Object;Ljava/lang/Object;)Lorg/gradle/launcher/exec/BuildActionResult;+10
j  org.gradle.tooling.internal.provider.ContinuousBuildActionExecuter.execute(Lorg/gradle/internal/invocation/BuildAction;Lorg/gradle/launcher/exec/BuildActionParameters;Lorg/gradle/internal/session/BuildSessionContext;)Lorg/gradle/launcher/exec/BuildActionResult;+59
j  org.gradle.tooling.internal.provider.ContinuousBuildActionExecuter.execute(Lorg/gradle/internal/invocation/BuildAction;Ljava/lang/Object;Ljava/lang/Object;)Lorg/gradle/launcher/exec/BuildActionResult;+10
j  org.gradle.tooling.internal.provider.SubscribableBuildActionExecuter.execute(Lorg/gradle/internal/invocation/BuildAction;Lorg/gradle/launcher/exec/BuildActionParameters;Lorg/gradle/internal/session/BuildSessionContext;)Lorg/gradle/launcher/exec/BuildActionResult;+33
j  org.gradle.tooling.internal.provider.SubscribableBuildActionExecuter.execute(Lorg/gradle/internal/invocation/BuildAction;Ljava/lang/Object;Ljava/lang/Object;)Lorg/gradle/launcher/exec/BuildActionResult;+10
j  org.gradle.tooling.internal.provider.SessionScopeLifecycleBuildActionExecuter.lambda$execute$0(Lorg/gradle/internal/invocation/BuildAction;Lorg/gradle/launcher/exec/BuildActionParameters;Lorg/gradle/internal/session/BuildSessionContext;)Lorg/gradle/launcher/exec/BuildActionResult;+52
j  org.gradle.tooling.internal.provider.SessionScopeLifecycleBuildActionExecuter$$Lambda$17.apply(Ljava/lang/Object;)Ljava/lang/Object;+12
j  org.gradle.internal.session.BuildSessionState.run(Ljava/util/function/Function;)Ljava/lang/Object;+9
j  org.gradle.tooling.internal.provider.SessionScopeLifecycleBuildActionExecuter.execute(Lorg/gradle/internal/invocation/BuildAction;Lorg/gradle/launcher/exec/BuildActionParameters;Lorg/gradle/initialization/BuildRequestContext;)Lorg/gradle/launcher/exec/BuildActionResult;+74
j  org.gradle.tooling.internal.provider.SessionScopeLifecycleBuildActionExecuter.execute(Lorg/gradle/internal/invocation/BuildAction;Ljava/lang/Object;Ljava/lang/Object;)Lorg/gradle/launcher/exec/BuildActionResult;+10
j  org.gradle.tooling.internal.provider.GradleThreadBuildActionExecuter.execute(Lorg/gradle/internal/invocation/BuildAction;Lorg/gradle/launcher/exec/BuildActionParameters;Lorg/gradle/initialization/BuildRequestContext;)Lorg/gradle/launcher/exec/BuildActionResult;+10
j  org.gradle.tooling.internal.provider.GradleThreadBuildActionExecuter.execute(Lorg/gradle/internal/invocation/BuildAction;Ljava/lang/Object;Ljava/lang/Object;)Lorg/gradle/launcher/exec/BuildActionResult;+10
j  org.gradle.tooling.internal.provider.StartParamsValidatingActionExecuter.execute(Lorg/gradle/internal/invocation/BuildAction;Lorg/gradle/launcher/exec/BuildActionParameters;Lorg/gradle/initialization/BuildRequestContext;)Lorg/gradle/launcher/exec/BuildActionResult;+175
j  org.gradle.tooling.internal.provider.StartParamsValidatingActionExecuter.execute(Lorg/gradle/internal/invocation/BuildAction;Ljava/lang/Object;Ljava/lang/Object;)Lorg/gradle/launcher/exec/BuildActionResult;+10
j  org.gradle.tooling.internal.provider.SessionFailureReportingActionExecuter.execute(Lorg/gradle/internal/invocation/BuildAction;Lorg/gradle/launcher/exec/BuildActionParameters;Lorg/gradle/initialization/BuildRequestContext;)Lorg/gradle/launcher/exec/BuildActionResult;+7
j  org.gradle.tooling.internal.provider.SessionFailureReportingActionExecuter.execute(Lorg/gradle/internal/invocation/BuildAction;Ljava/lang/Object;Ljava/lang/Object;)Lorg/gradle/launcher/exec/BuildActionResult;+10
j  org.gradle.tooling.internal.provider.SetupLoggingActionExecuter.execute(Lorg/gradle/internal/invocation/BuildAction;Lorg/gradle/launcher/exec/BuildActionParameters;Lorg/gradle/initialization/BuildRequestContext;)Lorg/gradle/launcher/exec/BuildActionResult;+50
j  org.gradle.tooling.internal.provider.SetupLoggingActionExecuter.execute(Lorg/gradle/internal/invocation/BuildAction;Ljava/lang/Object;Ljava/lang/Object;)Lorg/gradle/launcher/exec/BuildActionResult;+10
j  org.gradle.launcher.daemon.server.exec.ExecuteBuild.doBuild(Lorg/gradle/launcher/daemon/server/api/DaemonCommandExecution;Lorg/gradle/launcher/daemon/protocol/Build;)V+114
j  org.gradle.launcher.daemon.server.exec.BuildCommandOnly.execute(Lorg/gradle/launcher/daemon/server/api/DaemonCommandExecution;)V+49
j  org.gradle.launcher.daemon.server.api.DaemonCommandExecution.proceed()Z+23
j  org.gradle.launcher.daemon.server.exec.WatchForDisconnection.execute(Lorg/gradle/launcher/daemon/server/api/DaemonCommandExecution;)V+19
j  org.gradle.launcher.daemon.server.api.DaemonCommandExecution.proceed()Z+23
j  org.gradle.launcher.daemon.server.exec.ResetDeprecationLogger.execute(Lorg/gradle/launcher/daemon/server/api/DaemonCommandExecution;)V+7
j  org.gradle.launcher.daemon.server.api.DaemonCommandExecution.proceed()Z+23
j  org.gradle.launcher.daemon.server.exec.RequestStopIfSingleUsedDaemon.execute(Lorg/gradle/launcher/daemon/server/api/DaemonCommandExecution;)V+33
j  org.gradle.launcher.daemon.server.api.DaemonCommandExecution.proceed()Z+23
j  org.gradle.launcher.daemon.server.exec.ForwardClientInput$2.create()Ljava/lang/Void;+4
j  org.gradle.launcher.daemon.server.exec.ForwardClientInput$2.create()Ljava/lang/Object;+1
j  org.gradle.util.Swapper.swap(Ljava/lang/Object;Lorg/gradle/internal/Factory;)Ljava/lang/Object;+21
j  org.gradle.launcher.daemon.server.exec.ForwardClientInput.execute(Lorg/gradle/launcher/daemon/server/api/DaemonCommandExecution;)V+63
j  org.gradle.launcher.daemon.server.api.DaemonCommandExecution.proceed()Z+23
j  org.gradle.launcher.daemon.server.exec.LogAndCheckHealth.execute(Lorg/gradle/launcher/daemon/server/api/DaemonCommandExecution;)V+28
j  org.gradle.launcher.daemon.server.api.DaemonCommandExecution.proceed()Z+23
j  org.gradle.launcher.daemon.server.exec.LogToClient.doBuild(Lorg/gradle/launcher/daemon/server/api/DaemonCommandExecution;Lorg/gradle/launcher/daemon/protocol/Build;)V+87
j  org.gradle.launcher.daemon.server.exec.BuildCommandOnly.execute(Lorg/gradle/launcher/daemon/server/api/DaemonCommandExecution;)V+49
j  org.gradle.launcher.daemon.server.api.DaemonCommandExecution.proceed()Z+23
j  org.gradle.launcher.daemon.server.exec.EstablishBuildEnvironment.doBuild(Lorg/gradle/launcher/daemon/server/api/DaemonCommandExecution;Lorg/gradle/launcher/daemon/protocol/Build;)V+356
j  org.gradle.launcher.daemon.server.exec.BuildCommandOnly.execute(Lorg/gradle/launcher/daemon/server/api/DaemonCommandExecution;)V+49
j  org.gradle.launcher.daemon.server.api.DaemonCommandExecution.proceed()Z+23
j  org.gradle.launcher.daemon.server.exec.StartBuildOrRespondWithBusy$1.run()V+44
j  org.gradle.launcher.daemon.server.DaemonStateCoordinator$1.run()V+4
j  org.gradle.internal.concurrent.ExecutorPolicy$CatchAndRecordFailures.onExecute(Ljava/lang/Runnable;)V+1
j  org.gradle.internal.concurrent.ManagedExecutorImpl$1.run()V+25
j  java.util.concurrent.ThreadPoolExecutor.runWorker(Ljava/util/concurrent/ThreadPoolExecutor$Worker;)V+95
j  java.util.concurrent.ThreadPoolExecutor$Worker.run()V+5
j  org.gradle.internal.concurrent.ThreadFactoryImpl$ManagedThreadRunnable.run()V+7
j  java.lang.Thread.run()V+11
v  ~StubRoutines::call_stub

---------------  P R O C E S S  ---------------

Java Threads: ( => current thread )
  0x00000171198aa800 JavaThread "Cache worker for journal cache (C:\Users\ThaoLan\.gradle\caches\journal-1)" [_thread_blocked, id=17872, stack(0x0000006b69000000,0x0000006b69100000)]
  0x00000171198b1000 JavaThread "File lock request listener" [_thread_in_native, id=1740, stack(0x0000006b68f00000,0x0000006b69000000)]
  0x00000171198ae800 JavaThread "Cache worker for file hash cache (C:\Users\ThaoLan\.gradle\caches\6.8\fileHashes)" [_thread_blocked, id=18320, stack(0x0000006b68e00000,0x0000006b68f00000)]
  0x0000017119806800 JavaThread "Daemon client event forwarder" [_thread_blocked, id=18388, stack(0x0000006b68d00000,0x0000006b68e00000)]
  0x00000171195ae000 JavaThread "Stdin handler" [_thread_blocked, id=1204, stack(0x0000006b68c00000,0x0000006b68d00000)]
  0x00000171195a7000 JavaThread "Asynchronous log dispatcher for DefaultDaemonConnection: socket connection from /127.0.0.1:22804 to /127.0.0.1:22805" [_thread_blocked, id=18212, stack(0x0000006b68b00000,0x0000006b68c00000)]
=>0x00000171195a2000 JavaThread "Daemon worker" [_thread_in_vm, id=18152, stack(0x0000006b68a00000,0x0000006b68b00000)]
  0x000001711981f800 JavaThread "Cancel handler" [_thread_blocked, id=16716, stack(0x0000006b68900000,0x0000006b68a00000)]
  0x00000171198d9000 JavaThread "Handler for socket connection from /127.0.0.1:22804 to /127.0.0.1:22805" [_thread_in_native, id=18128, stack(0x0000006b68800000,0x0000006b68900000)]
  0x00000171198d8000 JavaThread "Daemon" [_thread_blocked, id=5164, stack(0x0000006b68700000,0x0000006b68800000)]
  0x0000017119515800 JavaThread "Daemon periodic checks" [_thread_blocked, id=12000, stack(0x0000006b68600000,0x0000006b68700000)]
  0x0000017119512800 JavaThread "Incoming local TCP Connector on port 22804" [_thread_in_native, id=10896, stack(0x0000006b68500000,0x0000006b68600000)]
  0x00000171192a9800 JavaThread "Daemon health stats" [_thread_blocked, id=5772, stack(0x0000006b68200000,0x0000006b68300000)]
  0x0000017116e73000 JavaThread "Service Thread" daemon [_thread_blocked, id=18344, stack(0x0000006b68000000,0x0000006b68100000)]
  0x0000017116e45800 JavaThread "C1 CompilerThread2" daemon [_thread_blocked, id=18340, stack(0x0000006b67f00000,0x0000006b68000000)]
  0x0000017116e43800 JavaThread "C2 CompilerThread1" daemon [_thread_in_native, id=18336, stack(0x0000006b67e00000,0x0000006b67f00000)]
  0x0000017116e48800 JavaThread "C2 CompilerThread0" daemon [_thread_in_native, id=18332, stack(0x0000006b67d00000,0x0000006b67e00000)]
  0x0000017116e3d800 JavaThread "Attach Listener" daemon [_thread_blocked, id=18328, stack(0x0000006b67c00000,0x0000006b67d00000)]
  0x0000017116e3c000 JavaThread "Signal Dispatcher" daemon [_thread_blocked, id=18324, stack(0x0000006b67b00000,0x0000006b67c00000)]
  0x00000171166e2000 JavaThread "Finalizer" daemon [_thread_blocked, id=18316, stack(0x0000006b67a00000,0x0000006b67b00000)]
  0x0000017116e16000 JavaThread "Reference Handler" daemon [_thread_blocked, id=18312, stack(0x0000006b67900000,0x0000006b67a00000)]
  0x0000017103ec4800 JavaThread "main" [_thread_blocked, id=18252, stack(0x0000006b67300000,0x0000006b67400000)]

Other Threads:
  0x0000017116df2800 VMThread [stack: 0x0000006b67800000,0x0000006b67900000] [id=18296]
  0x0000017116e74800 WatcherThread [stack: 0x0000006b68100000,0x0000006b68200000] [id=18348]

VM state:not at safepoint (normal execution)

VM Mutex/Monitor currently owned by a thread: None

heap address: 0x00000000e0000000, size: 512 MB, Compressed Oops mode: 32-bit
Narrow klass base: 0x0000000000000000, Narrow klass shift: 3
Compressed class space size: 1073741824 Address: 0x0000000100000000

Heap:
 PSYoungGen      total 76288K, used 32318K [0x00000000f5580000, 0x00000000faa80000, 0x0000000100000000)
  eden space 65536K, 35% used [0x00000000f5580000,0x00000000f6c37618,0x00000000f9580000)
  from space 10752K, 84% used [0x00000000fa000000,0x00000000fa8d8318,0x00000000faa80000)
  to   space 10752K, 0% used [0x00000000f9580000,0x00000000f9580000,0x00000000fa000000)
 ParOldGen       total 175104K, used 24K [0x00000000e0000000, 0x00000000eab00000, 0x00000000f5580000)
  object space 175104K, 0% used [0x00000000e0000000,0x00000000e0006000,0x00000000eab00000)
 Metaspace       used 16260K, capacity 16834K, committed 17152K, reserved 1064960K
  class space    used 2293K, capacity 2461K, committed 2560K, reserved 1048576K

Card table byte_map: [0x0000017103f90000,0x00000171040a0000] byte_map_base: 0x0000017103890000

Marking Bits: (ParMarkBitMap*) 0x00000000622e1820
 Begin Bits: [0x0000017114cf0000, 0x00000171154f0000)
 End Bits:   [0x00000171154f0000, 0x0000017115cf0000)

Polling page: 0x0000017103e40000

CodeCache: size=245760Kb used=5664Kb max_used=5664Kb free=240095Kb
 bounds [0x0000017105880000, 0x0000017105e10000, 0x0000017114880000]
 total_blobs=2075 nmethods=1663 adapters=324
 compilation: enabled

Compilation events (10 events):
Event: 4.979 Thread 0x0000017116e45800 nmethod 1662 0x0000017105e07e50 code [0x0000017105e07fe0, 0x0000017105e08540]
Event: 4.992 Thread 0x0000017116e45800 1663       1       java.lang.invoke.MemberName::getReferenceKind (12 bytes)
Event: 4.992 Thread 0x0000017116e45800 nmethod 1663 0x0000017105e086d0 code [0x0000017105e08820, 0x0000017105e08938]
Event: 4.992 Thread 0x0000017116e45800 1664       3       java.lang.invoke.MethodHandleNatives::refKindIsField (32 bytes)
Event: 4.992 Thread 0x0000017116e45800 nmethod 1664 0x0000017105e08990 code [0x0000017105e08ae0, 0x0000017105e08c98]
Event: 5.014 Thread 0x0000017116e45800 1665       3       java.util.concurrent.locks.AbstractQueuedSynchronizer::release (33 bytes)
Event: 5.015 Thread 0x0000017116e45800 nmethod 1665 0x0000017105e08d10 code [0x0000017105e08e80, 0x0000017105e091a0]
Event: 5.017 Thread 0x0000017116e48800 1666   !   4       java.net.URLClassLoader$1::run (63 bytes)
Event: 5.020 Thread 0x0000017116e45800 1667       3       sun.security.provider.DigestBase::engineUpdate (189 bytes)
Event: 5.022 Thread 0x0000017116e45800 nmethod 1667 0x0000017105e09290 code [0x0000017105e094c0, 0x0000017105e0a2f0]

GC Heap History (4 events):
Event: 2.160 GC heap before
{Heap before GC invocations=1 (full 0):
 PSYoungGen      total 76288K, used 65536K [0x00000000f5580000, 0x00000000faa80000, 0x0000000100000000)
  eden space 65536K, 100% used [0x00000000f5580000,0x00000000f9580000,0x00000000f9580000)
  from space 10752K, 0% used [0x00000000fa000000,0x00000000fa000000,0x00000000faa80000)
  to   space 10752K, 0% used [0x00000000f9580000,0x00000000f9580000,0x00000000fa000000)
 ParOldGen       total 175104K, used 0K [0x00000000e0000000, 0x00000000eab00000, 0x00000000f5580000)
  object space 175104K, 0% used [0x00000000e0000000,0x00000000e0000000,0x00000000eab00000)
 Metaspace       used 7395K, capacity 7602K, committed 7680K, reserved 1056768K
  class space    used 915K, capacity 1005K, committed 1024K, reserved 1048576K
Event: 2.185 GC heap after
Heap after GC invocations=1 (full 0):
 PSYoungGen      total 76288K, used 5817K [0x00000000f5580000, 0x00000000faa80000, 0x0000000100000000)
  eden space 65536K, 0% used [0x00000000f5580000,0x00000000f5580000,0x00000000f9580000)
  from space 10752K, 54% used [0x00000000f9580000,0x00000000f9b2e7f0,0x00000000fa000000)
  to   space 10752K, 0% used [0x00000000fa000000,0x00000000fa000000,0x00000000faa80000)
 ParOldGen       total 175104K, used 8K [0x00000000e0000000, 0x00000000eab00000, 0x00000000f5580000)
  object space 175104K, 0% used [0x00000000e0000000,0x00000000e0002000,0x00000000eab00000)
 Metaspace       used 7395K, capacity 7602K, committed 7680K, reserved 1056768K
  class space    used 915K, capacity 1005K, committed 1024K, reserved 1048576K
}
Event: 4.304 GC heap before
{Heap before GC invocations=2 (full 0):
 PSYoungGen      total 76288K, used 71353K [0x00000000f5580000, 0x00000000faa80000, 0x0000000100000000)
  eden space 65536K, 100% used [0x00000000f5580000,0x00000000f9580000,0x00000000f9580000)
  from space 10752K, 54% used [0x00000000f9580000,0x00000000f9b2e7f0,0x00000000fa000000)
  to   space 10752K, 0% used [0x00000000fa000000,0x00000000fa000000,0x00000000faa80000)
 ParOldGen       total 175104K, used 8K [0x00000000e0000000, 0x00000000eab00000, 0x00000000f5580000)
  object space 175104K, 0% used [0x00000000e0000000,0x00000000e0002000,0x00000000eab00000)
 Metaspace       used 14194K, capacity 14626K, committed 14720K, reserved 1062912K
  class space    used 1973K, capacity 2095K, committed 2176K, reserved 1048576K
Event: 4.316 GC heap after
Heap after GC invocations=2 (full 0):
 PSYoungGen      total 76288K, used 9056K [0x00000000f5580000, 0x00000000faa80000, 0x0000000100000000)
  eden space 65536K, 0% used [0x00000000f5580000,0x00000000f5580000,0x00000000f9580000)
  from space 10752K, 84% used [0x00000000fa000000,0x00000000fa8d8318,0x00000000faa80000)
  to   space 10752K, 0% used [0x00000000f9580000,0x00000000f9580000,0x00000000fa000000)
 ParOldGen       total 175104K, used 24K [0x00000000e0000000, 0x00000000eab00000, 0x00000000f5580000)
  object space 175104K, 0% used [0x00000000e0000000,0x00000000e0006000,0x00000000eab00000)
 Metaspace       used 14194K, capacity 14626K, committed 14720K, reserved 1062912K
  class space    used 1973K, capacity 2095K, committed 2176K, reserved 1048576K
}

Deoptimization events (10 events):
Event: 3.981 Thread 0x00000171195a2000 Uncommon trap: reason=bimorphic action=maybe_recompile pc=0x0000017105b127e8 method=java.util.HashMap.putVal(ILjava/lang/Object;Ljava/lang/Object;ZZ)Ljava/lang/Object; @ 253
Event: 3.981 Thread 0x00000171195a2000 Uncommon trap: reason=bimorphic action=maybe_recompile pc=0x0000017105b127e8 method=java.util.HashMap.putVal(ILjava/lang/Object;Ljava/lang/Object;ZZ)Ljava/lang/Object; @ 253
Event: 3.981 Thread 0x00000171195a2000 Uncommon trap: reason=bimorphic action=maybe_recompile pc=0x0000017105b127e8 method=java.util.HashMap.putVal(ILjava/lang/Object;Ljava/lang/Object;ZZ)Ljava/lang/Object; @ 253
Event: 3.981 Thread 0x00000171195a2000 Uncommon trap: reason=bimorphic action=maybe_recompile pc=0x0000017105b127e8 method=java.util.HashMap.putVal(ILjava/lang/Object;Ljava/lang/Object;ZZ)Ljava/lang/Object; @ 253
Event: 3.981 Thread 0x00000171195a2000 Uncommon trap: reason=bimorphic action=maybe_recompile pc=0x0000017105b15600 method=java.util.HashMap.putVal(ILjava/lang/Object;Ljava/lang/Object;ZZ)Ljava/lang/Object; @ 253
Event: 4.378 Thread 0x00000171195a2000 Uncommon trap: reason=class_check action=maybe_recompile pc=0x0000017105bd6a08 method=java.util.regex.Matcher.match(II)Z @ 86
Event: 4.406 Thread 0x00000171195a2000 Uncommon trap: reason=class_check action=maybe_recompile pc=0x0000017105bd6a08 method=java.util.regex.Matcher.match(II)Z @ 86
Event: 4.409 Thread 0x00000171195a2000 Uncommon trap: reason=class_check action=maybe_recompile pc=0x0000017105bd6a08 method=java.util.regex.Matcher.match(II)Z @ 86
Event: 4.409 Thread 0x00000171195a2000 Uncommon trap: reason=class_check action=maybe_recompile pc=0x0000017105a49c14 method=java.util.regex.Matcher.match(II)Z @ 86
Event: 4.589 Thread 0x00000171195a2000 Uncommon trap: reason=unstable_if action=reinterpret pc=0x0000017105bbcc24 method=java.io.File.getName()Ljava/lang/String; @ 16

Classes redefined (0 events):
No events

Internal exceptions (10 events):
Event: 3.841 Thread 0x00000171198d9000 Exception <a 'java/lang/NoSuchMethodError': <clinit>> (0x00000000f7a9b040) thrown at [C:\wsjdk\Corretto8Src\installers\windows\zip\corretto-build\buildRoot\src\hotspot\src\share\vm\prims\jni.cpp, line 1616]
Event: 3.845 Thread 0x00000171198d9000 Exception <a 'java/lang/NoSuchMethodError': <clinit>> (0x00000000f7ab1ab0) thrown at [C:\wsjdk\Corretto8Src\installers\windows\zip\corretto-build\buildRoot\src\hotspot\src\share\vm\prims\jni.cpp, line 1616]
Event: 3.876 Thread 0x00000171198d9000 Exception <a 'java/lang/NoSuchMethodError': <clinit>> (0x00000000f7b28e60) thrown at [C:\wsjdk\Corretto8Src\installers\windows\zip\corretto-build\buildRoot\src\hotspot\src\share\vm\prims\jni.cpp, line 1616]
Event: 3.888 Thread 0x00000171198d9000 Exception <a 'java/lang/NoSuchMethodError': <clinit>> (0x00000000f7b59200) thrown at [C:\wsjdk\Corretto8Src\installers\windows\zip\corretto-build\buildRoot\src\hotspot\src\share\vm\prims\jni.cpp, line 1616]
Event: 3.900 Thread 0x00000171198d9000 Exception <a 'java/lang/NoSuchMethodError': <clinit>> (0x00000000f7b87eb8) thrown at [C:\wsjdk\Corretto8Src\installers\windows\zip\corretto-build\buildRoot\src\hotspot\src\share\vm\prims\jni.cpp, line 1616]
Event: 4.256 Thread 0x00000171195a2000 Exception <a 'java/lang/NoSuchMethodError': java.lang.Object.lambda$static$0(Lorg/gradle/internal/state/ModelObject;)Ljava/lang/String;> (0x00000000f90157e0) thrown at [C:\wsjdk\Corretto8Src\installers\windows\zip\corretto-build\buildRoot\src\hotspot\src\
Event: 4.684 Thread 0x00000171195a2000 Exception <a 'java/lang/NoSuchMethodError': java.lang.Object.lambda$and$0(Ljava/util/function/Predicate;Ljava/lang/Object;)Z> (0x00000000f6555c80) thrown at [C:\wsjdk\Corretto8Src\installers\windows\zip\corretto-build\buildRoot\src\hotspot\src\share\vm\in
Event: 4.711 Thread 0x00000171195a2000 Exception <a 'java/lang/IncompatibleClassChangeError': Found class java.lang.Object, but interface was expected> (0x00000000f6565f90) thrown at [C:\wsjdk\Corretto8Src\installers\windows\zip\corretto-build\buildRoot\src\hotspot\src\share\vm\interpreter\lin
Event: 4.746 Thread 0x00000171195a2000 Exception <a 'java/lang/NoSuchMethodError': java.lang.Object.lambda$or$2(Ljava/util/function/Predicate;Ljava/lang/Object;)Z> (0x00000000f656ad30) thrown at [C:\wsjdk\Corretto8Src\installers\windows\zip\corretto-build\buildRoot\src\hotspot\src\share\vm\int
Event: 4.954 Thread 0x00000171195a2000 Exception <a 'java/lang/NoSuchMethodError': java.lang.Object.lambda$comparing$77a9974f$1(Ljava/util/function/Function;Ljava/lang/Object;Ljava/lang/Object;)I> (0x00000000f697e1e0) thrown at [C:\wsjdk\Corretto8Src\installers\windows\zip\corretto-build\build

Events (10 events):
Event: 5.020 loading class org/gradle/tooling/internal/provider/serialization/SerializeMap
Event: 5.020 loading class org/gradle/tooling/internal/provider/serialization/SerializeMap done
Event: 5.021 loading class org/gradle/tooling/internal/provider/serialization/DefaultPayloadClassLoaderRegistry
Event: 5.021 loading class org/gradle/tooling/internal/provider/serialization/DefaultPayloadClassLoaderRegistry done
Event: 5.024 loading class org/gradle/tooling/internal/provider/serialization/DefaultPayloadClassLoaderRegistry$ClassLoaderToDetailsTransformer
Event: 5.024 loading class org/gradle/tooling/internal/provider/serialization/DefaultPayloadClassLoaderRegistry$ClassLoaderToDetailsTransformer done
Event: 5.025 loading class org/gradle/tooling/internal/provider/serialization/DefaultPayloadClassLoaderRegistry$DetailsToClassLoaderTransformer
Event: 5.025 loading class org/gradle/tooling/internal/provider/serialization/DefaultPayloadClassLoaderRegistry$DetailsToClassLoaderTransformer done
Event: 5.026 loading class org/gradle/internal/operations/notify/BuildOperationNotificationBridge$1
Event: 5.026 loading class org/gradle/internal/operations/notify/BuildOperationNotificationBridge$1 done


Dynamic libraries:
0x00007ff613d40000 - 0x00007ff613d7a000 	C:\Users\ThaoLan\.jdks\corretto-1.8.0_302\bin\java.exe
0x00007ff94b370000 - 0x00007ff94b565000 	C:\Windows\SYSTEM32\ntdll.dll
0x00007ff94a660000 - 0x00007ff94a71d000 	C:\Windows\System32\KERNEL32.DLL
0x00007ff948be0000 - 0x00007ff948ea9000 	C:\Windows\System32\KERNELBASE.dll
0x00007ff94b180000 - 0x00007ff94b22c000 	C:\Windows\System32\ADVAPI32.dll
0x00007ff94b230000 - 0x00007ff94b2ce000 	C:\Windows\System32\msvcrt.dll
0x00007ff94a980000 - 0x00007ff94aa1b000 	C:\Windows\System32\sechost.dll
0x00007ff94aa30000 - 0x00007ff94ab5a000 	C:\Windows\System32\RPCRT4.dll
0x00007ff949910000 - 0x00007ff949ab0000 	C:\Windows\System32\USER32.dll
0x00007ff948bb0000 - 0x00007ff948bd2000 	C:\Windows\System32\win32u.dll
0x00007ff949850000 - 0x00007ff94987a000 	C:\Windows\System32\GDI32.dll
0x00007ff949040000 - 0x00007ff94914b000 	C:\Windows\System32\gdi32full.dll
0x00007ff948eb0000 - 0x00007ff948f4d000 	C:\Windows\System32\msvcp_win.dll
0x00007ff9492e0000 - 0x00007ff9493e0000 	C:\Windows\System32\ucrtbase.dll
0x00007ff934560000 - 0x00007ff9347fa000 	C:\Windows\WinSxS\amd64_microsoft.windows.common-controls_6595b64144ccf1df_6.0.19041.1110_none_60b5254171f9507e\COMCTL32.dll
0x00007ff94a400000 - 0x00007ff94a430000 	C:\Windows\System32\IMM32.DLL
0x00007ff933670000 - 0x00007ff93375f000 	C:\Users\ThaoLan\.jdks\corretto-1.8.0_302\jre\bin\msvcr120.dll
0x00007ff91ee60000 - 0x00007ff91ef06000 	C:\Users\ThaoLan\.jdks\corretto-1.8.0_302\jre\bin\msvcp120.dll
0x0000000061af0000 - 0x0000000062360000 	C:\Users\ThaoLan\.jdks\corretto-1.8.0_302\jre\bin\server\jvm.dll
0x00007ff94ab60000 - 0x00007ff94ab68000 	C:\Windows\System32\PSAPI.DLL
0x00007ff9326e0000 - 0x00007ff9326e9000 	C:\Windows\SYSTEM32\WSOCK32.dll
0x00007ff94af80000 - 0x00007ff94afeb000 	C:\Windows\System32\WS2_32.dll
0x00007ff9349b0000 - 0x00007ff9349d7000 	C:\Windows\SYSTEM32\WINMM.dll
0x00007ff940e90000 - 0x00007ff940e9a000 	C:\Windows\SYSTEM32\VERSION.dll
0x00007ff945be0000 - 0x00007ff945bef000 	C:\Users\ThaoLan\.jdks\corretto-1.8.0_302\jre\bin\verify.dll
0x00007ff933640000 - 0x00007ff933669000 	C:\Users\ThaoLan\.jdks\corretto-1.8.0_302\jre\bin\java.dll
0x00007ff943ba0000 - 0x00007ff943bb6000 	C:\Users\ThaoLan\.jdks\corretto-1.8.0_302\jre\bin\zip.dll
0x00007ff949ab0000 - 0x00007ff94a1ef000 	C:\Windows\System32\SHELL32.dll
0x00007ff946a80000 - 0x00007ff947211000 	C:\Windows\SYSTEM32\windows.storage.dll
0x00007ff94ab70000 - 0x00007ff94aec5000 	C:\Windows\System32\combase.dll
0x00007ff948520000 - 0x00007ff94854c000 	C:\Windows\SYSTEM32\Wldp.dll
0x00007ff94a750000 - 0x00007ff94a7fe000 	C:\Windows\System32\SHCORE.dll
0x00007ff94a800000 - 0x00007ff94a855000 	C:\Windows\System32\shlwapi.dll
0x00007ff9489f0000 - 0x00007ff948a0f000 	C:\Windows\SYSTEM32\profapi.dll
0x00007ff9426a0000 - 0x00007ff9426ba000 	C:\Users\ThaoLan\.jdks\corretto-1.8.0_302\jre\bin\net.dll
0x00007ff948280000 - 0x00007ff9482ea000 	C:\Windows\system32\mswsock.dll
0x00007ff942300000 - 0x00007ff942312000 	C:\Users\ThaoLan\.jdks\corretto-1.8.0_302\jre\bin\nio.dll
0x00007ff933900000 - 0x00007ff933927000 	C:\Users\ThaoLan\.gradle\native\fdc75f09e3144964f2cf3f50f0aa648679c211496f362492102eb8c894070792\windows-amd64\native-platform.dll
0x00007ff933760000 - 0x00007ff9338f6000 	C:\Users\ThaoLan\.gradle\native\12488b8bf47d2d4c9fbf2f6322a914ad602e24e48041cd04a747c6da556b65c4\windows-amd64\native-platform-file-events.dll
0x00007ff93fb70000 - 0x00007ff93fb7d000 	C:\Users\ThaoLan\.jdks\corretto-1.8.0_302\jre\bin\management.dll
0x00007ff948460000 - 0x00007ff948478000 	C:\Windows\SYSTEM32\CRYPTSP.dll
0x00007ff947bb0000 - 0x00007ff947be4000 	C:\Windows\system32\rsaenh.dll
0x00007ff9492b0000 - 0x00007ff9492d7000 	C:\Windows\System32\bcrypt.dll
0x00007ff9489b0000 - 0x00007ff9489de000 	C:\Windows\SYSTEM32\USERENV.dll
0x00007ff948f50000 - 0x00007ff948fd3000 	C:\Windows\System32\bcryptprimitives.dll
0x00007ff948480000 - 0x00007ff94848c000 	C:\Windows\SYSTEM32\CRYPTBASE.dll
0x00007ff947f20000 - 0x00007ff947f5b000 	C:\Windows\SYSTEM32\IPHLPAPI.DLL
0x00007ff94aa20000 - 0x00007ff94aa28000 	C:\Windows\System32\NSI.dll
0x00007ff941d40000 - 0x00007ff941d57000 	C:\Windows\SYSTEM32\dhcpcsvc6.DLL
0x00007ff941d20000 - 0x00007ff941d3d000 	C:\Windows\SYSTEM32\dhcpcsvc.DLL
0x00007ff947f70000 - 0x00007ff94803c000 	C:\Windows\SYSTEM32\DNSAPI.dll
0x00007ff941d60000 - 0x00007ff941d6b000 	C:\Windows\SYSTEM32\WINNSI.DLL

VM Arguments:
jvm_args: -XX:MaxMetaspaceSize=256m -XX:+HeapDumpOnOutOfMemoryError -Xms256m -Xmx512m -Dfile.encoding=windows-1252 -Duser.country=US -Duser.language=en -Duser.variant 
java_command: org.gradle.launcher.daemon.bootstrap.GradleDaemon 6.8
java_class_path (initial): C:\Users\ThaoLan\.gradle\wrapper\dists\gradle-6.8-bin\1jblhjyydfkclfzx1agp92nyl\gradle-6.8\lib\gradle-launcher-6.8.jar
Launcher Type: SUN_STANDARD

Environment Variables:
PATH=C:\Program Files\Common Files\Oracle\Java\javapath;C:\Program Files (x86)\Common Files\Oracle\Java\javapath;C:\Windows\system32;C:\Windows;C:\Windows\System32\Wbem;C:\Windows\System32\WindowsPowerShell\v1.0\;C:\Windows\System32\OpenSSH\;C:\Program Files\Git\cmd;C:\Program Files\Microsoft SQL Server\Client SDK\ODBC\170\Tools\Binn\;C:\Program Files (x86)\Microsoft SQL Server\150\Tools\Binn\;C:\Program Files\Microsoft SQL Server\150\Tools\Binn\;C:\Program Files\Microsoft SQL Server\150\DTS\Binn\;C:\Program Files\Azure Data Studio\bin;C:\Program Files (x86)\Microsoft SQL Server\150\DTS\Binn\;C:\Users\ThaoLan\AppData\Local\Microsoft\WindowsApps;D:\WS\WebStorm 2020.1.1\bin;;C:\Users\ThaoLan\AppData\Local\GitHubDesktop\bin;C:\Users\ThaoLan\AppData\Local\JetBrains\IntelliJ IDEA 2021.1.2\bin;;C:\Program Files\Azure Data Studio\bin
USERNAME=ThaoLan
OS=Windows_NT
PROCESSOR_IDENTIFIER=Intel64 Family 6 Model 142 Stepping 9, GenuineIntel



---------------  S Y S T E M  ---------------

OS: Windows 10.0 , 64 bit Build 19041 (10.0.19041.1023)

CPU:total 4 (initial active 4) (2 cores per cpu, 2 threads per core) family 6 model 142 stepping 9, cmov, cx8, fxsr, mmx, sse, sse2, sse3, ssse3, sse4.1, sse4.2, popcnt, avx, avx2, aes, clmul, erms, 3dnowpref, lzcnt, ht, tsc, tscinvbit, bmi1, bmi2, adx

Memory: 4k page, physical 12461492k(2211036k free), swap 32375256k(14340k free)

vm_info: OpenJDK 64-Bit Server VM (25.302-b08) for windows-amd64 JRE (1.8.0_302-b08), built on Jul 15 2021 19:37:21 by "Administrator" with MS VC++ 12.0 (VS2013)

time: Fri Jul 30 14:27:00 2021
timezone: SE Asia Standard Time
elapsed time: 5.048557 seconds (0d 0h 0m 5s)

